2025-05-02 06:24:01.055 [info] Extension host with pid 2711 started
2025-05-02 06:24:01.055 [info] Skipping acquiring lock for /home/frosti/.config/Code/User/workspaceStorage/2bc1c035fba6e515ccbdb1dac012edb9.
2025-05-02 06:24:01.127 [info] ExtensionService#_doActivateExtension vscode.github-authentication, startup: false, activationEvent: 'onAuthenticationRequest:github'
2025-05-02 06:24:01.141 [info] ExtensionService#_doActivateExtension vscode.emmet, startup: false, activationEvent: 'onLanguage'
2025-05-02 06:24:01.168 [info] ExtensionService#_doActivateExtension vscode.git-base, startup: true, activationEvent: '*', root cause: vscode.git
2025-05-02 06:24:01.170 [info] ExtensionService#_doActivateExtension vscode.git, startup: true, activationEvent: '*'
2025-05-02 06:24:01.191 [info] ExtensionService#_doActivateExtension vscode.github, startup: true, activationEvent: '*'
2025-05-02 06:24:01.285 [info] Eager extensions activated
2025-05-02 06:24:01.322 [info] ExtensionService#_doActivateExtension vscode.debug-auto-launch, startup: false, activationEvent: 'onStartupFinished'
2025-05-02 06:24:01.324 [info] ExtensionService#_doActivateExtension vscode.merge-conflict, startup: false, activationEvent: 'onStartupFinished'
2025-05-02 06:24:01.831 [info] Extension host terminating: renderer closed the MessagePort
2025-05-02 06:24:01.852 [error] Canceled: Canceled
	at new HR (file:///nix/store/8v92svsf2419slgxl6vx04fs1c6pg0zl-vscode-1.99.3/lib/vscode/resources/app/out/vs/workbench/api/node/extensionHostProcess.js:29:111362)
	at i4.U (file:///nix/store/8v92svsf2419slgxl6vx04fs1c6pg0zl-vscode-1.99.3/lib/vscode/resources/app/out/vs/workbench/api/node/extensionHostProcess.js:29:115973)
	at s.<computed>.n.charCodeAt.s.<computed> (file:///nix/store/8v92svsf2419slgxl6vx04fs1c6pg0zl-vscode-1.99.3/lib/vscode/resources/app/out/vs/workbench/api/node/extensionHostProcess.js:29:113467)
	at vw.g (file:///nix/store/8v92svsf2419slgxl6vx04fs1c6pg0zl-vscode-1.99.3/lib/vscode/resources/app/out/vs/workbench/api/node/extensionHostProcess.js:111:40983)
	at vw.executeCommand (file:///nix/store/8v92svsf2419slgxl6vx04fs1c6pg0zl-vscode-1.99.3/lib/vscode/resources/app/out/vs/workbench/api/node/extensionHostProcess.js:111:40487)
	at r.registerCommand.description (file:///nix/store/8v92svsf2419slgxl6vx04fs1c6pg0zl-vscode-1.99.3/lib/vscode/resources/app/out/vs/workbench/api/node/extensionHostProcess.js:111:39817)
	at vw.h (file:///nix/store/8v92svsf2419slgxl6vx04fs1c6pg0zl-vscode-1.99.3/lib/vscode/resources/app/out/vs/workbench/api/node/extensionHostProcess.js:111:41503)
	at vw.g (file:///nix/store/8v92svsf2419slgxl6vx04fs1c6pg0zl-vscode-1.99.3/lib/vscode/resources/app/out/vs/workbench/api/node/extensionHostProcess.js:111:40580)
	at vw.executeCommand (file:///nix/store/8v92svsf2419slgxl6vx04fs1c6pg0zl-vscode-1.99.3/lib/vscode/resources/app/out/vs/workbench/api/node/extensionHostProcess.js:111:40487)
	at Object.executeCommand (file:///nix/store/8v92svsf2419slgxl6vx04fs1c6pg0zl-vscode-1.99.3/lib/vscode/resources/app/out/vs/workbench/api/node/extensionHostProcess.js:173:30346)
	at Ah.L [as value] (/nix/store/8v92svsf2419slgxl6vx04fs1c6pg0zl-vscode-1.99.3/lib/vscode/resources/app/extensions/git/dist/main.js:2:511809)
	at D.B (file:///nix/store/8v92svsf2419slgxl6vx04fs1c6pg0zl-vscode-1.99.3/lib/vscode/resources/app/out/vs/workbench/api/node/extensionHostProcess.js:27:2375)
	at D.C (file:///nix/store/8v92svsf2419slgxl6vx04fs1c6pg0zl-vscode-1.99.3/lib/vscode/resources/app/out/vs/workbench/api/node/extensionHostProcess.js:27:2445)
	at D.fire (file:///nix/store/8v92svsf2419slgxl6vx04fs1c6pg0zl-vscode-1.99.3/lib/vscode/resources/app/out/vs/workbench/api/node/extensionHostProcess.js:27:2662)
	at Object.g [as dispose] (/nix/store/8v92svsf2419slgxl6vx04fs1c6pg0zl-vscode-1.99.3/lib/vscode/resources/app/extensions/git/dist/main.js:2:534449)
	at /nix/store/8v92svsf2419slgxl6vx04fs1c6pg0zl-vscode-1.99.3/lib/vscode/resources/app/extensions/git/dist/main.js:2:540767
	at Array.forEach (<anonymous>)
	at b.dispose (/nix/store/8v92svsf2419slgxl6vx04fs1c6pg0zl-vscode-1.99.3/lib/vscode/resources/app/extensions/git/dist/main.js:2:540753)
	at iv.<anonymous> (file:///nix/store/8v92svsf2419slgxl6vx04fs1c6pg0zl-vscode-1.99.3/lib/vscode/resources/app/out/vs/workbench/api/node/extensionHostProcess.js:107:8922)
	at iv.dispose (file:///nix/store/8v92svsf2419slgxl6vx04fs1c6pg0zl-vscode-1.99.3/lib/vscode/resources/app/out/vs/workbench/api/node/extensionHostProcess.js:107:9018)
	at iv.<anonymous> (/nix/store/8v92svsf2419slgxl6vx04fs1c6pg0zl-vscode-1.99.3/lib/vscode/resources/app/extensions/git/dist/main.js:2:514293)
	at iv.dispose (file:///nix/store/8v92svsf2419slgxl6vx04fs1c6pg0zl-vscode-1.99.3/lib/vscode/resources/app/out/vs/workbench/api/node/extensionHostProcess.js:107:9018)
	at pi (file:///nix/store/8v92svsf2419slgxl6vx04fs1c6pg0zl-vscode-1.99.3/lib/vscode/resources/app/out/vs/workbench/api/node/extensionHostProcess.js:25:701)
	at file:///nix/store/8v92svsf2419slgxl6vx04fs1c6pg0zl-vscode-1.99.3/lib/vscode/resources/app/out/vs/workbench/api/node/extensionHostProcess.js:115:14994
	at file:///nix/store/8v92svsf2419slgxl6vx04fs1c6pg0zl-vscode-1.99.3/lib/vscode/resources/app/out/vs/workbench/api/node/extensionHostProcess.js:25:1011
	at Object.dispose (file:///nix/store/8v92svsf2419slgxl6vx04fs1c6pg0zl-vscode-1.99.3/lib/vscode/resources/app/out/vs/workbench/api/node/extensionHostProcess.js:8:705)
	at vV.eb (file:///nix/store/8v92svsf2419slgxl6vx04fs1c6pg0zl-vscode-1.99.3/lib/vscode/resources/app/out/vs/workbench/api/node/extensionHostProcess.js:115:11921)
	at file:///nix/store/8v92svsf2419slgxl6vx04fs1c6pg0zl-vscode-1.99.3/lib/vscode/resources/app/out/vs/workbench/api/node/extensionHostProcess.js:115:9876
	at Array.map (<anonymous>)
	at vV.$ (file:///nix/store/8v92svsf2419slgxl6vx04fs1c6pg0zl-vscode-1.99.3/lib/vscode/resources/app/out/vs/workbench/api/node/extensionHostProcess.js:115:9864)
	at vV.terminate (file:///nix/store/8v92svsf2419slgxl6vx04fs1c6pg0zl-vscode-1.99.3/lib/vscode/resources/app/out/vs/workbench/api/node/extensionHostProcess.js:115:10107)
	at oD.terminate (file:///nix/store/8v92svsf2419slgxl6vx04fs1c6pg0zl-vscode-1.99.3/lib/vscode/resources/app/out/vs/workbench/api/node/extensionHostProcess.js:116:1434)
	at es (file:///nix/store/8v92svsf2419slgxl6vx04fs1c6pg0zl-vscode-1.99.3/lib/vscode/resources/app/out/vs/workbench/api/node/extensionHostProcess.js:197:5701)
	at MessagePortMain.<anonymous> (file:///nix/store/8v92svsf2419slgxl6vx04fs1c6pg0zl-vscode-1.99.3/lib/vscode/resources/app/out/vs/workbench/api/node/extensionHostProcess.js:197:2249)
	at MessagePortMain.emit (node:events:518:28)
	at MessagePortMain._internalPort.emit (node:electron/js2c/utility_init:2:2949) setContext undefined
2025-05-02 06:24:01.853 [error] Canceled: Canceled
	at new HR (file:///nix/store/8v92svsf2419slgxl6vx04fs1c6pg0zl-vscode-1.99.3/lib/vscode/resources/app/out/vs/workbench/api/node/extensionHostProcess.js:29:111362)
	at i4.U (file:///nix/store/8v92svsf2419slgxl6vx04fs1c6pg0zl-vscode-1.99.3/lib/vscode/resources/app/out/vs/workbench/api/node/extensionHostProcess.js:29:115973)
	at s.<computed>.n.charCodeAt.s.<computed> (file:///nix/store/8v92svsf2419slgxl6vx04fs1c6pg0zl-vscode-1.99.3/lib/vscode/resources/app/out/vs/workbench/api/node/extensionHostProcess.js:29:113467)
	at vw.g (file:///nix/store/8v92svsf2419slgxl6vx04fs1c6pg0zl-vscode-1.99.3/lib/vscode/resources/app/out/vs/workbench/api/node/extensionHostProcess.js:111:40983)
	at vw.executeCommand (file:///nix/store/8v92svsf2419slgxl6vx04fs1c6pg0zl-vscode-1.99.3/lib/vscode/resources/app/out/vs/workbench/api/node/extensionHostProcess.js:111:40487)
	at r.registerCommand.description (file:///nix/store/8v92svsf2419slgxl6vx04fs1c6pg0zl-vscode-1.99.3/lib/vscode/resources/app/out/vs/workbench/api/node/extensionHostProcess.js:111:39817)
	at vw.h (file:///nix/store/8v92svsf2419slgxl6vx04fs1c6pg0zl-vscode-1.99.3/lib/vscode/resources/app/out/vs/workbench/api/node/extensionHostProcess.js:111:41503)
	at vw.g (file:///nix/store/8v92svsf2419slgxl6vx04fs1c6pg0zl-vscode-1.99.3/lib/vscode/resources/app/out/vs/workbench/api/node/extensionHostProcess.js:111:40580)
	at vw.executeCommand (file:///nix/store/8v92svsf2419slgxl6vx04fs1c6pg0zl-vscode-1.99.3/lib/vscode/resources/app/out/vs/workbench/api/node/extensionHostProcess.js:111:40487)
	at Object.executeCommand (file:///nix/store/8v92svsf2419slgxl6vx04fs1c6pg0zl-vscode-1.99.3/lib/vscode/resources/app/out/vs/workbench/api/node/extensionHostProcess.js:173:30346)
	at set hasGitHubRepositories (/nix/store/8v92svsf2419slgxl6vx04fs1c6pg0zl-vscode-1.99.3/lib/vscode/resources/app/extensions/github/dist/extension.js:2:217805)
	at /nix/store/8v92svsf2419slgxl6vx04fs1c6pg0zl-vscode-1.99.3/lib/vscode/resources/app/extensions/github/dist/extension.js:2:218764
	at Ah.value (/nix/store/8v92svsf2419slgxl6vx04fs1c6pg0zl-vscode-1.99.3/lib/vscode/resources/app/extensions/git/dist/main.js:2:631688)
	at D.B (file:///nix/store/8v92svsf2419slgxl6vx04fs1c6pg0zl-vscode-1.99.3/lib/vscode/resources/app/out/vs/workbench/api/node/extensionHostProcess.js:27:2375)
	at D.C (file:///nix/store/8v92svsf2419slgxl6vx04fs1c6pg0zl-vscode-1.99.3/lib/vscode/resources/app/out/vs/workbench/api/node/extensionHostProcess.js:27:2445)
	at D.fire (file:///nix/store/8v92svsf2419slgxl6vx04fs1c6pg0zl-vscode-1.99.3/lib/vscode/resources/app/out/vs/workbench/api/node/extensionHostProcess.js:27:2662)
	at Object.g [as dispose] (/nix/store/8v92svsf2419slgxl6vx04fs1c6pg0zl-vscode-1.99.3/lib/vscode/resources/app/extensions/git/dist/main.js:2:534449)
	at /nix/store/8v92svsf2419slgxl6vx04fs1c6pg0zl-vscode-1.99.3/lib/vscode/resources/app/extensions/git/dist/main.js:2:540767
	at Array.forEach (<anonymous>)
	at b.dispose (/nix/store/8v92svsf2419slgxl6vx04fs1c6pg0zl-vscode-1.99.3/lib/vscode/resources/app/extensions/git/dist/main.js:2:540753)
	at iv.<anonymous> (file:///nix/store/8v92svsf2419slgxl6vx04fs1c6pg0zl-vscode-1.99.3/lib/vscode/resources/app/out/vs/workbench/api/node/extensionHostProcess.js:107:8922)
	at iv.dispose (file:///nix/store/8v92svsf2419slgxl6vx04fs1c6pg0zl-vscode-1.99.3/lib/vscode/resources/app/out/vs/workbench/api/node/extensionHostProcess.js:107:9018)
	at iv.<anonymous> (/nix/store/8v92svsf2419slgxl6vx04fs1c6pg0zl-vscode-1.99.3/lib/vscode/resources/app/extensions/git/dist/main.js:2:514293)
	at iv.dispose (file:///nix/store/8v92svsf2419slgxl6vx04fs1c6pg0zl-vscode-1.99.3/lib/vscode/resources/app/out/vs/workbench/api/node/extensionHostProcess.js:107:9018)
	at pi (file:///nix/store/8v92svsf2419slgxl6vx04fs1c6pg0zl-vscode-1.99.3/lib/vscode/resources/app/out/vs/workbench/api/node/extensionHostProcess.js:25:701)
	at file:///nix/store/8v92svsf2419slgxl6vx04fs1c6pg0zl-vscode-1.99.3/lib/vscode/resources/app/out/vs/workbench/api/node/extensionHostProcess.js:115:14994
	at file:///nix/store/8v92svsf2419slgxl6vx04fs1c6pg0zl-vscode-1.99.3/lib/vscode/resources/app/out/vs/workbench/api/node/extensionHostProcess.js:25:1011
	at Object.dispose (file:///nix/store/8v92svsf2419slgxl6vx04fs1c6pg0zl-vscode-1.99.3/lib/vscode/resources/app/out/vs/workbench/api/node/extensionHostProcess.js:8:705)
	at vV.eb (file:///nix/store/8v92svsf2419slgxl6vx04fs1c6pg0zl-vscode-1.99.3/lib/vscode/resources/app/out/vs/workbench/api/node/extensionHostProcess.js:115:11921)
	at file:///nix/store/8v92svsf2419slgxl6vx04fs1c6pg0zl-vscode-1.99.3/lib/vscode/resources/app/out/vs/workbench/api/node/extensionHostProcess.js:115:9876
	at Array.map (<anonymous>)
	at vV.$ (file:///nix/store/8v92svsf2419slgxl6vx04fs1c6pg0zl-vscode-1.99.3/lib/vscode/resources/app/out/vs/workbench/api/node/extensionHostProcess.js:115:9864)
	at vV.terminate (file:///nix/store/8v92svsf2419slgxl6vx04fs1c6pg0zl-vscode-1.99.3/lib/vscode/resources/app/out/vs/workbench/api/node/extensionHostProcess.js:115:10107)
	at oD.terminate (file:///nix/store/8v92svsf2419slgxl6vx04fs1c6pg0zl-vscode-1.99.3/lib/vscode/resources/app/out/vs/workbench/api/node/extensionHostProcess.js:116:1434)
	at es (file:///nix/store/8v92svsf2419slgxl6vx04fs1c6pg0zl-vscode-1.99.3/lib/vscode/resources/app/out/vs/workbench/api/node/extensionHostProcess.js:197:5701)
	at MessagePortMain.<anonymous> (file:///nix/store/8v92svsf2419slgxl6vx04fs1c6pg0zl-vscode-1.99.3/lib/vscode/resources/app/out/vs/workbench/api/node/extensionHostProcess.js:197:2249)
	at MessagePortMain.emit (node:events:518:28)
	at MessagePortMain._internalPort.emit (node:electron/js2c/utility_init:2:2949) setContext undefined
2025-05-02 06:24:01.853 [error] ProxyResolver#addCertificatesV1 Canceled: Canceled
	at new HR (file:///nix/store/8v92svsf2419slgxl6vx04fs1c6pg0zl-vscode-1.99.3/lib/vscode/resources/app/out/vs/workbench/api/node/extensionHostProcess.js:29:111362)
	at i4.U (file:///nix/store/8v92svsf2419slgxl6vx04fs1c6pg0zl-vscode-1.99.3/lib/vscode/resources/app/out/vs/workbench/api/node/extensionHostProcess.js:29:115973)
	at s.<computed>.n.charCodeAt.s.<computed> (file:///nix/store/8v92svsf2419slgxl6vx04fs1c6pg0zl-vscode-1.99.3/lib/vscode/resources/app/out/vs/workbench/api/node/extensionHostProcess.js:29:113467)
	at tw.loadCertificates (file:///nix/store/8v92svsf2419slgxl6vx04fs1c6pg0zl-vscode-1.99.3/lib/vscode/resources/app/out/vs/workbench/api/node/extensionHostProcess.js:108:56283)
	at Object.loadAdditionalCertificates (file:///nix/store/8v92svsf2419slgxl6vx04fs1c6pg0zl-vscode-1.99.3/lib/vscode/resources/app/out/vs/workbench/api/node/extensionHostProcess.js:175:22000)
	at /nix/store/8v92svsf2419slgxl6vx04fs1c6pg0zl-vscode-1.99.3/lib/vscode/resources/app/node_modules/@vscode/proxy-agent/out/index.js:723:53
	at Generator.next (<anonymous>)
	at /nix/store/8v92svsf2419slgxl6vx04fs1c6pg0zl-vscode-1.99.3/lib/vscode/resources/app/node_modules/@vscode/proxy-agent/out/index.js:35:71
	at new Promise (<anonymous>)
	at __awaiter (/nix/store/8v92svsf2419slgxl6vx04fs1c6pg0zl-vscode-1.99.3/lib/vscode/resources/app/node_modules/@vscode/proxy-agent/out/index.js:31:12)
	at /nix/store/8v92svsf2419slgxl6vx04fs1c6pg0zl-vscode-1.99.3/lib/vscode/resources/app/node_modules/@vscode/proxy-agent/out/index.js:722:43
	at /nix/store/8v92svsf2419slgxl6vx04fs1c6pg0zl-vscode-1.99.3/lib/vscode/resources/app/node_modules/@vscode/proxy-agent/out/index.js:724:16
	at Generator.next (<anonymous>)
	at /nix/store/8v92svsf2419slgxl6vx04fs1c6pg0zl-vscode-1.99.3/lib/vscode/resources/app/node_modules/@vscode/proxy-agent/out/index.js:35:71
	at new Promise (<anonymous>)
	at __awaiter (/nix/store/8v92svsf2419slgxl6vx04fs1c6pg0zl-vscode-1.99.3/lib/vscode/resources/app/node_modules/@vscode/proxy-agent/out/index.js:31:12)
	at getOrLoadAdditionalCertificates (/nix/store/8v92svsf2419slgxl6vx04fs1c6pg0zl-vscode-1.99.3/lib/vscode/resources/app/node_modules/@vscode/proxy-agent/out/index.js:720:12)
	at addCertificatesToOptionsV1 (/nix/store/8v92svsf2419slgxl6vx04fs1c6pg0zl-vscode-1.99.3/lib/vscode/resources/app/node_modules/@vscode/proxy-agent/out/index.js:699:9)
	at resolveProxyWithRequest (/nix/store/8v92svsf2419slgxl6vx04fs1c6pg0zl-vscode-1.99.3/lib/vscode/resources/app/node_modules/@vscode/proxy-agent/out/index.js:114:9)
	at /nix/store/8v92svsf2419slgxl6vx04fs1c6pg0zl-vscode-1.99.3/lib/vscode/resources/app/node_modules/@vscode/proxy-agent/out/index.js:346:77
	at new Promise (<anonymous>)
	at PacProxyAgent.resolveP [as resolver] (/nix/store/8v92svsf2419slgxl6vx04fs1c6pg0zl-vscode-1.99.3/lib/vscode/resources/app/node_modules/@vscode/proxy-agent/out/index.js:346:54)
	at PacProxyAgent.<anonymous> (/nix/store/8v92svsf2419slgxl6vx04fs1c6pg0zl-vscode-1.99.3/lib/vscode/resources/app/node_modules/@vscode/proxy-agent/out/agent.js:74:37)
	at Generator.next (<anonymous>)
	at /nix/store/8v92svsf2419slgxl6vx04fs1c6pg0zl-vscode-1.99.3/lib/vscode/resources/app/node_modules/@vscode/proxy-agent/out/agent.js:8:71
	at new Promise (<anonymous>)
	at __awaiter (/nix/store/8v92svsf2419slgxl6vx04fs1c6pg0zl-vscode-1.99.3/lib/vscode/resources/app/node_modules/@vscode/proxy-agent/out/agent.js:4:12)
	at PacProxyAgent.connect (/nix/store/8v92svsf2419slgxl6vx04fs1c6pg0zl-vscode-1.99.3/lib/vscode/resources/app/node_modules/@vscode/proxy-agent/out/agent.js:56:16)
	at /nix/store/8v92svsf2419slgxl6vx04fs1c6pg0zl-vscode-1.99.3/lib/vscode/resources/app/node_modules/agent-base/dist/index.js:132:30
2025-05-02 06:24:01.853 [info] Extension host with pid 2711 exiting with code 0
