2025-05-02 06:23:59.442 [info] Extension host with pid 2756 started
2025-05-02 06:23:59.513 [info] ExtensionService#_doActivateExtension vscode.github-authentication, startup: false, activationEvent: 'onAuthenticationRequest:github'
2025-05-02 06:23:59.532 [info] ExtensionService#_doActivateExtension vscode.emmet, startup: false, activationEvent: 'onLanguage'
2025-05-02 06:23:59.787 [info] ExtensionService#_doActivateExtension vscode.git-base, startup: true, activationEvent: '*', root cause: vscode.git
2025-05-02 06:23:59.808 [info] ExtensionService#_doActivateExtension vscode.git, startup: true, activationEvent: '*'
2025-05-02 06:24:00.181 [info] ExtensionService#_doActivateExtension vscode.github, startup: true, activationEvent: '*'
2025-05-02 06:24:01.276 [info] Eager extensions activated
2025-05-02 06:24:01.285 [info] ExtensionService#_doActivateExtension vscode.debug-auto-launch, startup: false, activationEvent: 'onStartupFinished'
2025-05-02 06:24:01.288 [info] ExtensionService#_doActivateExtension vscode.merge-conflict, startup: false, activationEvent: 'onStartupFinished'
2025-05-02 06:24:03.440 [info] Extension host terminating: renderer closed the MessagePort
2025-05-02 06:24:03.467 [error] ProxyResolver#addCertificatesV1 Canceled: Canceled
	at Vc (file:///nix/store/8v92svsf2419slgxl6vx04fs1c6pg0zl-vscode-1.99.3/lib/vscode/resources/app/out/vs/workbench/api/node/extensionHostProcess.js:7:1218)
	at file:///nix/store/8v92svsf2419slgxl6vx04fs1c6pg0zl-vscode-1.99.3/lib/vscode/resources/app/out/vs/workbench/api/node/extensionHostProcess.js:29:112814
	at Array.forEach (<anonymous>)
	at i4.dispose (file:///nix/store/8v92svsf2419slgxl6vx04fs1c6pg0zl-vscode-1.99.3/lib/vscode/resources/app/out/vs/workbench/api/node/extensionHostProcess.js:29:112754)
	at vV.terminate (file:///nix/store/8v92svsf2419slgxl6vx04fs1c6pg0zl-vscode-1.99.3/lib/vscode/resources/app/out/vs/workbench/api/node/extensionHostProcess.js:115:10084)
	at oD.terminate (file:///nix/store/8v92svsf2419slgxl6vx04fs1c6pg0zl-vscode-1.99.3/lib/vscode/resources/app/out/vs/workbench/api/node/extensionHostProcess.js:116:1434)
	at es (file:///nix/store/8v92svsf2419slgxl6vx04fs1c6pg0zl-vscode-1.99.3/lib/vscode/resources/app/out/vs/workbench/api/node/extensionHostProcess.js:197:5701)
	at MessagePortMain.<anonymous> (file:///nix/store/8v92svsf2419slgxl6vx04fs1c6pg0zl-vscode-1.99.3/lib/vscode/resources/app/out/vs/workbench/api/node/extensionHostProcess.js:197:2249)
	at MessagePortMain.emit (node:events:518:28)
	at MessagePortMain._internalPort.emit (node:electron/js2c/utility_init:2:2949)
2025-05-02 06:24:03.467 [info] Extension host with pid 2756 exiting with code 0
