2025-05-02 06:40:10.267 [info] Extension host with pid 7572 started
2025-05-02 06:40:10.267 [info] Skipping acquiring lock for /home/frosti/.config/Code/User/workspaceStorage/ebf8403c86aa93169e4add140b63dd90.
2025-05-02 06:40:10.329 [info] ExtensionService#_doActivateExtension vscode.github-authentication, startup: false, activationEvent: 'onAuthenticationRequest:github'
2025-05-02 06:40:10.343 [info] ExtensionService#_doActivateExtension vscode.emmet, startup: false, activationEvent: 'onLanguage'
2025-05-02 06:40:10.368 [info] ExtensionService#_doActivateExtension vscode.git-base, startup: true, activationEvent: '*', root cause: vscode.git
2025-05-02 06:40:10.370 [info] ExtensionService#_doActivateExtension vscode.git, startup: true, activationEvent: '*'
2025-05-02 06:40:10.391 [info] ExtensionService#_doActivateExtension vscode.github, startup: true, activationEvent: '*'
2025-05-02 06:40:10.433 [info] Eager extensions activated
2025-05-02 06:40:10.446 [info] ExtensionService#_doActivateExtension vscode.debug-auto-launch, startup: false, activationEvent: 'onStartupFinished'
2025-05-02 06:40:10.448 [info] ExtensionService#_doActivateExtension vscode.merge-conflict, startup: false, activationEvent: 'onStartupFinished'
2025-05-02 06:41:43.625 [info] Extension host terminating: renderer closed the MessagePort
2025-05-02 06:41:43.630 [info] Extension host with pid 7572 exiting with code 0
2025-05-02 06:41:44.346 [info] Extension host with pid 7830 started
2025-05-02 06:41:44.346 [info] Skipping acquiring lock for /home/frosti/.config/Code/User/workspaceStorage/2bc1c035fba6e515ccbdb1dac012edb9.
2025-05-02 06:41:44.366 [info] ExtensionService#_doActivateExtension vscode.github-authentication, startup: false, activationEvent: 'onAuthenticationRequest:github'
2025-05-02 06:41:44.379 [info] ExtensionService#_doActivateExtension vscode.emmet, startup: false, activationEvent: 'onLanguage'
2025-05-02 06:41:44.406 [info] ExtensionService#_doActivateExtension vscode.git-base, startup: true, activationEvent: '*', root cause: vscode.git
2025-05-02 06:41:44.408 [info] ExtensionService#_doActivateExtension vscode.git, startup: true, activationEvent: '*'
2025-05-02 06:41:44.430 [info] ExtensionService#_doActivateExtension vscode.github, startup: true, activationEvent: '*'
2025-05-02 06:41:44.471 [info] Eager extensions activated
2025-05-02 06:41:44.477 [info] ExtensionService#_doActivateExtension vscode.debug-auto-launch, startup: false, activationEvent: 'onStartupFinished'
2025-05-02 06:41:44.478 [info] ExtensionService#_doActivateExtension vscode.merge-conflict, startup: false, activationEvent: 'onStartupFinished'
