2025-05-02 06:40:10.483 [info] [main] Log level: Info
2025-05-02 06:40:10.483 [info] [main] Validating found git in: "git"
2025-05-02 06:40:10.483 [info] [main] Using git "2.49.0" from "git"
2025-05-02 06:40:10.483 [info] [Model][doInitialScan] Initial repository scan started
2025-05-02 06:40:10.483 [info] > git rev-parse --show-toplevel [27ms]
2025-05-02 06:40:10.483 [info] fatal: not a git repository (or any of the parent directories): .git
2025-05-02 06:40:10.483 [info] > git rev-parse --show-toplevel [1ms]
2025-05-02 06:40:10.483 [info] fatal: not a git repository (or any of the parent directories): .git
2025-05-02 06:40:10.483 [info] [Model][doInitialScan] Initial repository scan completed - repositories (0), closed repositories (0), parent repositories (0), unsafe repositories (0)
2025-05-02 06:40:12.490 [info] > git rev-parse --show-toplevel [7ms]
2025-05-02 06:40:12.490 [info] fatal: not a git repository (or any of the parent directories): .git
2025-05-02 06:41:44.496 [info] [main] Log level: Info
2025-05-02 06:41:44.496 [info] [main] Validating found git in: "git"
2025-05-02 06:41:44.496 [info] [main] Using git "2.49.0" from "git"
2025-05-02 06:41:44.496 [info] [Model][doInitialScan] Initial repository scan started
2025-05-02 06:41:44.496 [info] > git rev-parse --show-toplevel [2ms]
2025-05-02 06:41:44.499 [info] > git rev-parse --git-dir --git-common-dir [0ms]
2025-05-02 06:41:44.504 [info] [Model][openRepository] Opened repository: /home/frosti/.nixos
2025-05-02 06:41:44.505 [info] [Model][doInitialScan] Initial repository scan completed - repositories (1), closed repositories (0), parent repositories (0), unsafe repositories (0)
2025-05-02 06:41:44.510 [info] [Git][getRemotes] No remotes found in the git config file
2025-05-02 06:41:44.511 [info] > git config --get commit.template [3ms]
2025-05-02 06:41:44.511 [info] > git for-each-ref --format %(refname)%00%(objectname)%00%(*objectname) refs/tags [1ms]
2025-05-02 06:41:44.517 [info] > git status -z -uall [2ms]
2025-05-02 06:41:44.517 [info] > git for-each-ref --sort -committerdate --format %(refname)%00%(objectname)%00%(*objectname) [1ms]
2025-05-02 06:41:44.523 [info] > git config --get commit.template [1ms]
2025-05-02 06:41:44.524 [info] [Git][getRemotes] No remotes found in the git config file
2025-05-02 06:41:44.526 [info] > git for-each-ref --format %(refname)%00%(objectname)%00%(*objectname) refs/tags [0ms]
2025-05-02 06:41:44.530 [info] > git status -z -uall [2ms]
2025-05-02 06:41:44.531 [info] > git for-each-ref --sort -committerdate --format %(refname)%00%(objectname)%00%(*objectname) [1ms]
2025-05-02 06:41:44.808 [info] > git show --textconv :hypr.nix [3ms]
2025-05-02 06:41:44.808 [info] > git ls-files --stage -- hypr.nix [1ms]
2025-05-02 06:41:44.811 [info] > git cat-file -s dfe77ac7f64f7b52468204239c9f4ef7081eefd2 [1ms]
2025-05-02 06:41:44.822 [info] > git blame --root --incremental bf1e83faade15f66a499648512b1784d4dec1dc7 -- hypr.nix [3ms]
2025-05-02 06:41:45.026 [info] > git check-ignore -v -z --stdin [1ms]
2025-05-02 06:41:46.791 [info] > git log --format=%H%n%aN%n%aE%n%at%n%ct%n%P%n%D%n%B -z --shortstat --diff-merges=first-parent -n50 --skip=0 --topo-order --decorate=full --stdin [5ms]
2025-05-02 06:42:03.352 [info] > git for-each-ref --sort -committerdate --format %(refname)%00%(objectname)%00%(*objectname) [1ms]
2025-05-02 06:42:06.777 [info] > git for-each-ref --sort -committerdate --format %(refname)%00%(objectname)%00%(*objectname) refs/heads/main [3ms]
2025-05-02 06:42:06.829 [info] > git log --format=%H%n%aN%n%aE%n%at%n%ct%n%P%n%D%n%B -z --shortstat --diff-merges=first-parent -n50 --skip=0 --topo-order --decorate=full --stdin [44ms]
2025-05-02 06:42:18.162 [info] > git checkout -q main [2ms]
2025-05-02 06:42:18.176 [info] [Git][getRemotes] No remotes found in the git config file
2025-05-02 06:42:18.176 [info] > git config --get commit.template [8ms]
2025-05-02 06:42:18.177 [info] > git for-each-ref --format=%(refname)%00%(upstream:short)%00%(objectname)%00%(upstream:track)%00%(upstream:remotename)%00%(upstream:remoteref) refs/heads/main refs/remotes/main [2ms]
2025-05-02 06:42:18.187 [info] > git status -z -uall [6ms]
2025-05-02 06:42:18.188 [info] > git for-each-ref --sort -committerdate --format %(refname)%00%(objectname)%00%(*objectname) [2ms]
2025-05-02 06:42:18.199 [info] > git blame --root --incremental 2a601325166dce938cb5ca447220e251257f3d69 -- hypr.nix [5ms]
2025-05-02 06:42:18.200 [info] > git for-each-ref --format=%(refname)%00%(upstream:short)%00%(objectname)%00%(upstream:track)%00%(upstream:remotename)%00%(upstream:remoteref) refs/heads/main refs/remotes/main [2ms]
2025-05-02 06:42:18.204 [info] > git config --get --local branch.main.vscode-merge-base [0ms]
2025-05-02 06:42:18.204 [warning] [Git][config] git config failed: Failed to execute git
2025-05-02 06:42:18.233 [info] > git reflog main --grep-reflog=branch: Created from *. [27ms]
2025-05-02 06:42:18.237 [info] > git for-each-ref --sort -committerdate --format %(refname)%00%(objectname)%00%(*objectname) refs/heads/main [1ms]
2025-05-02 06:42:18.243 [info] > git log --format=%H%n%aN%n%aE%n%at%n%ct%n%P%n%D%n%B -z --shortstat --diff-merges=first-parent -n50 --skip=0 --topo-order --decorate=full --stdin [3ms]
2025-05-02 06:42:19.258 [info] [Git][getRemotes] No remotes found in the git config file
2025-05-02 06:42:19.258 [info] > git config --get commit.template [8ms]
2025-05-02 06:42:19.259 [info] > git for-each-ref --format=%(refname)%00%(upstream:short)%00%(objectname)%00%(upstream:track)%00%(upstream:remotename)%00%(upstream:remoteref) refs/heads/main refs/remotes/main [1ms]
2025-05-02 06:42:19.265 [info] > git status -z -uall [3ms]
2025-05-02 06:42:19.266 [info] > git for-each-ref --sort -committerdate --format %(refname)%00%(objectname)%00%(*objectname) [1ms]
2025-05-02 06:42:19.347 [info] > git ls-files --stage -- hypr.nix [1ms]
2025-05-02 06:42:19.351 [info] > git cat-file -s a2c73efd40578357cc62150be858dddf53242127 [1ms]
2025-05-02 06:42:19.354 [info] > git show --textconv :hypr.nix [1ms]
2025-05-02 06:42:24.191 [info] > git for-each-ref --sort -committerdate --format %(refname)%00%(objectname)%00%(*objectname) refs/heads/main [1ms]
2025-05-02 06:42:24.196 [info] > git log --format=%H%n%aN%n%aE%n%at%n%ct%n%P%n%D%n%B -z --shortstat --diff-merges=first-parent -n50 --skip=0 --topo-order --decorate=full --stdin [2ms]
