2025-05-02 19:47:06.887 [info] [main] Log level: Info
2025-05-02 19:47:06.887 [info] [main] Validating found git in: "git"
2025-05-02 19:47:06.887 [info] [main] Using git "2.49.0" from "git"
2025-05-02 19:47:06.887 [info] [Model][doInitialScan] Initial repository scan started
2025-05-02 19:47:06.912 [info] > git rev-parse --show-toplevel [26ms]
2025-05-02 19:47:06.916 [info] > git rev-parse --git-dir --git-common-dir [1ms]
2025-05-02 19:47:06.920 [info] [Model][openRepository] Opened repository: /home/frosti/.nixos
2025-05-02 19:47:06.922 [info] [Model][doInitialScan] Initial repository scan completed - repositories (1), closed repositories (0), parent repositories (0), unsafe repositories (0)
2025-05-02 19:47:06.928 [info] [Git][getRemotes] No remotes found in the git config file
2025-05-02 19:47:06.928 [info] > git config --get commit.template [3ms]
2025-05-02 19:47:07.100 [info] > git for-each-ref --format=%(refname)%00%(upstream:short)%00%(objectname)%00%(upstream:track)%00%(upstream:remotename)%00%(upstream:remoteref) refs/heads/main refs/remotes/main [173ms]
2025-05-02 19:47:07.242 [info] > git ls-files --stage -- configuration.nix [18ms]
2025-05-02 19:47:07.342 [info] > git cat-file -s 5217ce50c72385ced26d27cfcfa43a1d6ce9c7df [98ms]
2025-05-02 19:47:07.390 [info] > git show --textconv :configuration.nix [167ms]
2025-05-02 19:47:07.455 [info] > git check-ignore -v -z --stdin [1ms]
2025-05-02 19:47:07.513 [info] > git status -z -uall [410ms]
2025-05-02 19:47:07.534 [info] > git for-each-ref --sort -committerdate --format %(refname)%00%(objectname)%00%(*objectname) [428ms]
2025-05-02 19:47:07.541 [info] > git for-each-ref --format=%(refname)%00%(upstream:short)%00%(objectname)%00%(upstream:track)%00%(upstream:remotename)%00%(upstream:remoteref) refs/heads/main refs/remotes/main [3ms]
2025-05-02 19:47:07.543 [info] > git config --get commit.template [2ms]
2025-05-02 19:47:07.544 [info] > git config --get --local branch.main.vscode-merge-base [1ms]
2025-05-02 19:47:07.544 [warning] [Git][config] git config failed: Failed to execute git
2025-05-02 19:47:07.548 [info] [Git][getRemotes] No remotes found in the git config file
2025-05-02 19:47:07.551 [info] > git for-each-ref --format=%(refname)%00%(upstream:short)%00%(objectname)%00%(upstream:track)%00%(upstream:remotename)%00%(upstream:remoteref) refs/heads/main refs/remotes/main [3ms]
2025-05-02 19:47:07.554 [info] > git status -z -uall [1ms]
2025-05-02 19:47:07.555 [info] > git for-each-ref --sort -committerdate --format %(refname)%00%(objectname)%00%(*objectname) [1ms]
2025-05-02 19:47:07.562 [info] > git for-each-ref --format=%(refname)%00%(upstream:short)%00%(objectname)%00%(upstream:track)%00%(upstream:remotename)%00%(upstream:remoteref) refs/heads/main refs/remotes/main [1ms]
2025-05-02 19:47:07.564 [info] > git config --get --local branch.main.vscode-merge-base [0ms]
2025-05-02 19:47:07.564 [warning] [Git][config] git config failed: Failed to execute git
2025-05-02 19:47:08.292 [info] > git reflog main --grep-reflog=branch: Created from *. [746ms]
2025-05-02 19:47:08.292 [info] > git reflog main --grep-reflog=branch: Created from *. [726ms]
2025-05-02 19:47:08.342 [info] > git blame --root --incremental 011ec26c5834adf7cb68ed60ae3fce091f7f5942 -- configuration.nix [791ms]
2025-05-02 19:47:48.928 [info] > git show --textconv :hypr.nix [2ms]
2025-05-02 19:47:48.929 [info] > git ls-files --stage -- hypr.nix [1ms]
2025-05-02 19:47:48.932 [info] > git cat-file -s d33c646a0dfb035f87b06ddf1e5ddda4e93ce263 [1ms]
2025-05-02 19:47:49.200 [info] > git blame --root --incremental 011ec26c5834adf7cb68ed60ae3fce091f7f5942 -- hypr.nix [265ms]
2025-05-02 19:48:02.590 [info] [Git][getRemotes] No remotes found in the git config file
2025-05-02 19:48:02.591 [info] > git config --get commit.template [11ms]
2025-05-02 19:48:02.592 [info] > git for-each-ref --format=%(refname)%00%(upstream:short)%00%(objectname)%00%(upstream:track)%00%(upstream:remotename)%00%(upstream:remoteref) refs/heads/main refs/remotes/main [2ms]
2025-05-02 19:48:02.602 [info] > git status -z -uall [4ms]
2025-05-02 19:48:02.603 [info] > git for-each-ref --sort -committerdate --format %(refname)%00%(objectname)%00%(*objectname) [1ms]
2025-05-02 19:48:04.126 [info] > git show --textconv :configuration.nix [4ms]
2025-05-02 19:48:04.126 [info] > git ls-files --stage -- configuration.nix [1ms]
2025-05-02 19:48:04.131 [info] > git cat-file -s 5217ce50c72385ced26d27cfcfa43a1d6ce9c7df [1ms]
2025-05-02 19:48:06.832 [info] > git for-each-ref --sort -committerdate --format %(refname)%00%(objectname)%00%(*objectname) refs/heads/main [1ms]
2025-05-02 19:48:06.910 [info] > git log --format=%H%n%aN%n%aE%n%at%n%ct%n%P%n%D%n%B -z --shortstat --diff-merges=first-parent -n50 --skip=0 --topo-order --decorate=full --stdin [46ms]
2025-05-02 19:48:07.609 [info] > git config --get commit.template [1ms]
2025-05-02 19:48:07.612 [info] [Git][getRemotes] No remotes found in the git config file
2025-05-02 19:48:07.612 [info] > git for-each-ref --format=%(refname)%00%(upstream:short)%00%(objectname)%00%(upstream:track)%00%(upstream:remotename)%00%(upstream:remoteref) refs/heads/main refs/remotes/main [0ms]
2025-05-02 19:48:07.617 [info] > git status -z -uall [3ms]
2025-05-02 19:48:07.617 [info] > git for-each-ref --sort -committerdate --format %(refname)%00%(objectname)%00%(*objectname) [0ms]
2025-05-02 19:48:15.288 [info] > git add -A -- . [3ms]
2025-05-02 19:48:15.409 [info] > git -c user.useConfigOnly=true commit --quiet --allow-empty-message --file - [116ms]
2025-05-02 19:48:15.420 [info] > git config --get commit.template [2ms]
2025-05-02 19:48:15.439 [info] [Git][getRemotes] No remotes found in the git config file
2025-05-02 19:48:15.439 [info] > git config --get commit.template [9ms]
2025-05-02 19:48:15.440 [info] > git for-each-ref --format=%(refname)%00%(upstream:short)%00%(objectname)%00%(upstream:track)%00%(upstream:remotename)%00%(upstream:remoteref) refs/heads/main refs/remotes/main [2ms]
2025-05-02 19:48:15.454 [info] > git status -z -uall [7ms]
2025-05-02 19:48:15.454 [info] > git for-each-ref --sort -committerdate --format %(refname)%00%(objectname)%00%(*objectname) [1ms]
2025-05-02 19:48:15.470 [info] > git blame --root --incremental 906b2e36ec9f24cd90c7a4a7674ea2964eb51873 -- configuration.nix [10ms]
2025-05-02 19:48:15.470 [info] > git for-each-ref --sort -committerdate --format %(refname)%00%(objectname)%00%(*objectname) refs/heads/main [1ms]
2025-05-02 19:48:15.481 [info] > git config --get commit.template [2ms]
2025-05-02 19:48:15.483 [info] [Git][getRemotes] No remotes found in the git config file
2025-05-02 19:48:15.483 [info] > git for-each-ref --format=%(refname)%00%(upstream:short)%00%(objectname)%00%(upstream:track)%00%(upstream:remotename)%00%(upstream:remoteref) refs/heads/main refs/remotes/main [0ms]
2025-05-02 19:48:15.488 [info] > git status -z -uall [3ms]
2025-05-02 19:48:15.488 [info] > git log --format=%H%n%aN%n%aE%n%at%n%ct%n%P%n%D%n%B -z --shortstat --diff-merges=first-parent -n50 --skip=0 --topo-order --decorate=full --stdin [7ms]
2025-05-02 19:48:15.490 [info] > git for-each-ref --sort -committerdate --format %(refname)%00%(objectname)%00%(*objectname) [1ms]
2025-05-02 19:48:16.471 [info] > git ls-files --stage -- configuration.nix [0ms]
2025-05-02 19:48:16.476 [info] > git cat-file -s 78e1cd35a6cee916214c188b9f3a06b7d05ee55a [2ms]
2025-05-02 19:48:16.484 [info] > git show --textconv :configuration.nix [3ms]
2025-05-02 19:49:52.324 [info] > git show --textconv :hypr.nix [3ms]
2025-05-02 19:49:52.324 [info] > git ls-files --stage -- hypr.nix [0ms]
2025-05-02 19:49:52.327 [info] > git cat-file -s 909d62b1328f5115331451fc29caa017fc08f947 [1ms]
2025-05-02 19:49:52.334 [info] > git blame --root --incremental 906b2e36ec9f24cd90c7a4a7674ea2964eb51873 -- hypr.nix [3ms]
2025-05-02 19:50:11.868 [info] [Git][getRemotes] No remotes found in the git config file
2025-05-02 19:50:11.868 [info] > git config --get commit.template [11ms]
2025-05-02 19:50:11.871 [info] > git for-each-ref --format=%(refname)%00%(upstream:short)%00%(objectname)%00%(upstream:track)%00%(upstream:remotename)%00%(upstream:remoteref) refs/heads/main refs/remotes/main [4ms]
2025-05-02 19:50:11.885 [info] > git status -z -uall [6ms]
2025-05-02 19:50:11.887 [info] > git for-each-ref --sort -committerdate --format %(refname)%00%(objectname)%00%(*objectname) [2ms]
2025-05-02 22:08:38.398 [info] > git show --textconv :configuration.nix [3ms]
2025-05-02 22:08:38.398 [info] > git ls-files --stage -- configuration.nix [1ms]
2025-05-02 22:08:38.402 [info] > git cat-file -s 78e1cd35a6cee916214c188b9f3a06b7d05ee55a [1ms]
2025-05-02 22:08:59.712 [info] > git show --textconv :hypr.nix [2ms]
2025-05-02 22:08:59.713 [info] > git ls-files --stage -- hypr.nix [1ms]
2025-05-02 22:08:59.716 [info] > git cat-file -s 909d62b1328f5115331451fc29caa017fc08f947 [1ms]
2025-05-02 22:09:13.306 [info] > git show --textconv :hardware-configuration.nix [7ms]
2025-05-02 22:09:13.309 [info] > git ls-files --stage -- hardware-configuration.nix [3ms]
2025-05-02 22:09:13.319 [info] > git cat-file -s aaec8f3d94731f81c2c3fe6d407985d1fe53a724 [3ms]
2025-05-02 22:09:17.190 [info] > git show --textconv :flake.nix [11ms]
2025-05-02 22:09:17.193 [info] > git ls-files --stage -- flake.nix [4ms]
2025-05-02 22:09:17.201 [info] > git cat-file -s 2c7a0dded55db92a06374760a8c99b80516e450c [0ms]
2025-05-02 22:09:50.040 [info] > git for-each-ref --sort -committerdate --format %(refname)%00%(objectname)%00%(*objectname) refs/heads/main [1ms]
2025-05-02 22:09:50.052 [info] > git log --format=%H%n%aN%n%aE%n%at%n%ct%n%P%n%D%n%B -z --shortstat --diff-merges=first-parent -n50 --skip=0 --topo-order --decorate=full --stdin [3ms]
2025-05-02 22:10:13.092 [info] > git blame --root --incremental 906b2e36ec9f24cd90c7a4a7674ea2964eb51873 -- flake.nix [3ms]
2025-05-02 22:16:10.949 [info] > git config --get commit.template [3ms]
2025-05-02 22:16:10.952 [info] [Git][getRemotes] No remotes found in the git config file
2025-05-02 22:16:10.952 [info] > git ls-files --stage -- flake.nix [3ms]
2025-05-02 22:16:10.955 [info] > git for-each-ref --format=%(refname)%00%(upstream:short)%00%(objectname)%00%(upstream:track)%00%(upstream:remotename)%00%(upstream:remoteref) refs/heads/main refs/remotes/main [3ms]
2025-05-02 22:16:10.961 [info] > git status -z -uall [3ms]
2025-05-02 22:16:10.961 [info] > git cat-file -s 2c7a0dded55db92a06374760a8c99b80516e450c [6ms]
2025-05-02 22:16:10.962 [info] > git for-each-ref --sort -committerdate --format %(refname)%00%(objectname)%00%(*objectname) [2ms]
2025-05-02 22:16:10.967 [info] > git show --textconv :flake.nix [1ms]
2025-05-02 22:16:36.316 [info] > git config --get commit.template [6ms]
2025-05-02 22:16:36.321 [info] [Git][getRemotes] No remotes found in the git config file
2025-05-02 22:16:36.321 [info] > git ls-files --stage -- flake.nix [5ms]
2025-05-02 22:16:36.326 [info] > git for-each-ref --format=%(refname)%00%(upstream:short)%00%(objectname)%00%(upstream:track)%00%(upstream:remotename)%00%(upstream:remoteref) refs/heads/main refs/remotes/main [5ms]
2025-05-02 22:16:36.337 [info] > git status -z -uall [6ms]
2025-05-02 22:16:36.338 [info] > git cat-file -s 2c7a0dded55db92a06374760a8c99b80516e450c [12ms]
2025-05-02 22:16:36.338 [info] > git for-each-ref --sort -committerdate --format %(refname)%00%(objectname)%00%(*objectname) [2ms]
2025-05-02 22:16:36.345 [info] > git show --textconv :flake.nix [1ms]
2025-05-02 22:16:45.066 [info] [Git][getRemotes] No remotes found in the git config file
2025-05-02 22:16:45.067 [info] > git config --get commit.template [3ms]
2025-05-02 22:16:45.067 [info] > git for-each-ref --format=%(refname)%00%(upstream:short)%00%(objectname)%00%(upstream:track)%00%(upstream:remotename)%00%(upstream:remoteref) refs/heads/main refs/remotes/main [1ms]
2025-05-02 22:16:45.072 [info] > git status -z -uall [3ms]
2025-05-02 22:16:45.072 [info] > git for-each-ref --sort -committerdate --format %(refname)%00%(objectname)%00%(*objectname) [0ms]
2025-05-02 22:17:27.447 [info] [Git][getRemotes] No remotes found in the git config file
2025-05-02 22:17:27.448 [info] > git config --get commit.template [11ms]
2025-05-02 22:17:27.449 [info] > git for-each-ref --format=%(refname)%00%(upstream:short)%00%(objectname)%00%(upstream:track)%00%(upstream:remotename)%00%(upstream:remoteref) refs/heads/main refs/remotes/main [2ms]
2025-05-02 22:17:27.467 [info] > git status -z -uall [10ms]
2025-05-02 22:17:27.469 [info] > git for-each-ref --sort -committerdate --format %(refname)%00%(objectname)%00%(*objectname) [3ms]
2025-05-02 22:17:29.575 [info] > git show --textconv :hypr.nix [3ms]
2025-05-02 22:17:29.575 [info] > git ls-files --stage -- hypr.nix [1ms]
2025-05-02 22:17:29.578 [info] > git cat-file -s 909d62b1328f5115331451fc29caa017fc08f947 [1ms]
2025-05-02 22:17:33.218 [info] [Git][getRemotes] No remotes found in the git config file
2025-05-02 22:17:33.220 [info] > git config --get commit.template [2ms]
2025-05-02 22:17:33.220 [info] > git for-each-ref --format=%(refname)%00%(upstream:short)%00%(objectname)%00%(upstream:track)%00%(upstream:remotename)%00%(upstream:remoteref) refs/heads/main refs/remotes/main [0ms]
2025-05-02 22:17:33.225 [info] > git status -z -uall [2ms]
2025-05-02 22:17:33.225 [info] > git for-each-ref --sort -committerdate --format %(refname)%00%(objectname)%00%(*objectname) [0ms]
