2025-05-02 06:24:00.377 [info] [main] Log level: Info
2025-05-02 06:24:00.377 [info] [main] Validating found git in: "git"
2025-05-02 06:24:01.277 [info] [main] Using git "2.49.0" from "git"
2025-05-02 06:24:01.277 [info] [Model][doInitialScan] Initial repository scan started
2025-05-02 06:24:01.475 [info] > git rev-parse --show-toplevel [177ms]
2025-05-02 06:24:01.475 [info] fatal: not a git repository (or any of the parent directories): .git
2025-05-02 06:24:01.479 [info] > git rev-parse --show-toplevel [1ms]
2025-05-02 06:24:01.479 [info] fatal: not a git repository (or any of the parent directories): .git
2025-05-02 06:24:01.482 [info] > git rev-parse --show-toplevel [1ms]
2025-05-02 06:24:01.482 [info] fatal: not a git repository (or any of the parent directories): .git
2025-05-02 06:24:01.489 [info] > git rev-parse --show-toplevel [1ms]
2025-05-02 06:24:01.489 [info] fatal: not a git repository (or any of the parent directories): .git
2025-05-02 06:24:01.493 [info] > git rev-parse --show-toplevel [1ms]
2025-05-02 06:24:01.493 [info] fatal: not a git repository (or any of the parent directories): .git
2025-05-02 06:24:01.496 [info] > git rev-parse --show-toplevel [0ms]
2025-05-02 06:24:01.496 [info] fatal: not a git repository (or any of the parent directories): .git
2025-05-02 06:24:01.499 [info] > git rev-parse --show-toplevel [1ms]
2025-05-02 06:24:01.499 [info] fatal: not a git repository (or any of the parent directories): .git
2025-05-02 06:24:01.502 [info] > git rev-parse --show-toplevel [0ms]
2025-05-02 06:24:01.502 [info] fatal: not a git repository (or any of the parent directories): .git
2025-05-02 06:24:01.506 [info] > git rev-parse --show-toplevel [1ms]
2025-05-02 06:24:01.506 [info] fatal: not a git repository (or any of the parent directories): .git
2025-05-02 06:24:01.510 [info] > git rev-parse --show-toplevel [1ms]
2025-05-02 06:24:01.510 [info] fatal: not a git repository (or any of the parent directories): .git
2025-05-02 06:24:01.513 [info] > git rev-parse --show-toplevel [1ms]
2025-05-02 06:24:01.515 [info] fatal: not a git repository (or any of the parent directories): .git
2025-05-02 06:24:01.518 [info] > git rev-parse --show-toplevel [1ms]
2025-05-02 06:24:01.518 [info] fatal: not a git repository (or any of the parent directories): .git
2025-05-02 06:24:01.520 [info] > git rev-parse --show-toplevel [0ms]
2025-05-02 06:24:01.520 [info] fatal: not a git repository (or any of the parent directories): .git
2025-05-02 06:24:01.523 [info] > git rev-parse --show-toplevel [1ms]
2025-05-02 06:24:01.523 [info] fatal: not a git repository (or any of the parent directories): .git
2025-05-02 06:24:01.525 [info] [Model][doInitialScan] Initial repository scan completed - repositories (0), closed repositories (0), parent repositories (0), unsafe repositories (0)
