2025-05-02 06:23:59.964 [info] Extension host with pid 2729 started
2025-05-02 06:23:59.964 [info] Skipping acquiring lock for /home/frosti/.config/Code/User/workspaceStorage/f55c5a48fe5bd84b303ef2f4005ea102.
2025-05-02 06:24:00.012 [info] ExtensionService#_doActivateExtension vscode.github-authentication, startup: false, activationEvent: 'onAuthenticationRequest:github'
2025-05-02 06:24:00.026 [info] ExtensionService#_doActivateExtension vscode.emmet, startup: false, activationEvent: 'onLanguage'
2025-05-02 06:24:00.051 [info] ExtensionService#_doActivateExtension vscode.git-base, startup: true, activationEvent: '*', root cause: vscode.git
2025-05-02 06:24:00.053 [info] ExtensionService#_doActivateExtension vscode.git, startup: true, activationEvent: '*'
2025-05-02 06:24:00.184 [info] ExtensionService#_doActivateExtension vscode.github, startup: true, activationEvent: '*'
2025-05-02 06:24:01.281 [info] Eager extensions activated
2025-05-02 06:24:01.302 [info] ExtensionService#_doActivateExtension vscode.debug-auto-launch, startup: false, activationEvent: 'onStartupFinished'
2025-05-02 06:24:01.304 [info] ExtensionService#_doActivateExtension vscode.merge-conflict, startup: false, activationEvent: 'onStartupFinished'
2025-05-02 06:24:02.428 [info] Extension host terminating: renderer closed the MessagePort
2025-05-02 06:24:02.441 [error] ProxyResolver#addCertificatesV1 Canceled: Canceled
	at new HR (file:///nix/store/8v92svsf2419slgxl6vx04fs1c6pg0zl-vscode-1.99.3/lib/vscode/resources/app/out/vs/workbench/api/node/extensionHostProcess.js:29:111362)
	at i4.U (file:///nix/store/8v92svsf2419slgxl6vx04fs1c6pg0zl-vscode-1.99.3/lib/vscode/resources/app/out/vs/workbench/api/node/extensionHostProcess.js:29:115973)
	at s.<computed>.n.charCodeAt.s.<computed> (file:///nix/store/8v92svsf2419slgxl6vx04fs1c6pg0zl-vscode-1.99.3/lib/vscode/resources/app/out/vs/workbench/api/node/extensionHostProcess.js:29:113467)
	at tw.loadCertificates (file:///nix/store/8v92svsf2419slgxl6vx04fs1c6pg0zl-vscode-1.99.3/lib/vscode/resources/app/out/vs/workbench/api/node/extensionHostProcess.js:108:56283)
	at Object.loadAdditionalCertificates (file:///nix/store/8v92svsf2419slgxl6vx04fs1c6pg0zl-vscode-1.99.3/lib/vscode/resources/app/out/vs/workbench/api/node/extensionHostProcess.js:175:22000)
	at /nix/store/8v92svsf2419slgxl6vx04fs1c6pg0zl-vscode-1.99.3/lib/vscode/resources/app/node_modules/@vscode/proxy-agent/out/index.js:723:53
	at Generator.next (<anonymous>)
	at /nix/store/8v92svsf2419slgxl6vx04fs1c6pg0zl-vscode-1.99.3/lib/vscode/resources/app/node_modules/@vscode/proxy-agent/out/index.js:35:71
	at new Promise (<anonymous>)
	at __awaiter (/nix/store/8v92svsf2419slgxl6vx04fs1c6pg0zl-vscode-1.99.3/lib/vscode/resources/app/node_modules/@vscode/proxy-agent/out/index.js:31:12)
	at /nix/store/8v92svsf2419slgxl6vx04fs1c6pg0zl-vscode-1.99.3/lib/vscode/resources/app/node_modules/@vscode/proxy-agent/out/index.js:722:43
	at /nix/store/8v92svsf2419slgxl6vx04fs1c6pg0zl-vscode-1.99.3/lib/vscode/resources/app/node_modules/@vscode/proxy-agent/out/index.js:724:16
	at Generator.next (<anonymous>)
	at /nix/store/8v92svsf2419slgxl6vx04fs1c6pg0zl-vscode-1.99.3/lib/vscode/resources/app/node_modules/@vscode/proxy-agent/out/index.js:35:71
	at new Promise (<anonymous>)
	at __awaiter (/nix/store/8v92svsf2419slgxl6vx04fs1c6pg0zl-vscode-1.99.3/lib/vscode/resources/app/node_modules/@vscode/proxy-agent/out/index.js:31:12)
	at getOrLoadAdditionalCertificates (/nix/store/8v92svsf2419slgxl6vx04fs1c6pg0zl-vscode-1.99.3/lib/vscode/resources/app/node_modules/@vscode/proxy-agent/out/index.js:720:12)
	at addCertificatesToOptionsV1 (/nix/store/8v92svsf2419slgxl6vx04fs1c6pg0zl-vscode-1.99.3/lib/vscode/resources/app/node_modules/@vscode/proxy-agent/out/index.js:699:9)
	at resolveProxyWithRequest (/nix/store/8v92svsf2419slgxl6vx04fs1c6pg0zl-vscode-1.99.3/lib/vscode/resources/app/node_modules/@vscode/proxy-agent/out/index.js:114:9)
	at /nix/store/8v92svsf2419slgxl6vx04fs1c6pg0zl-vscode-1.99.3/lib/vscode/resources/app/node_modules/@vscode/proxy-agent/out/index.js:346:77
	at new Promise (<anonymous>)
	at PacProxyAgent.resolveP [as resolver] (/nix/store/8v92svsf2419slgxl6vx04fs1c6pg0zl-vscode-1.99.3/lib/vscode/resources/app/node_modules/@vscode/proxy-agent/out/index.js:346:54)
	at PacProxyAgent.<anonymous> (/nix/store/8v92svsf2419slgxl6vx04fs1c6pg0zl-vscode-1.99.3/lib/vscode/resources/app/node_modules/@vscode/proxy-agent/out/agent.js:74:37)
	at Generator.next (<anonymous>)
	at /nix/store/8v92svsf2419slgxl6vx04fs1c6pg0zl-vscode-1.99.3/lib/vscode/resources/app/node_modules/@vscode/proxy-agent/out/agent.js:8:71
	at new Promise (<anonymous>)
	at __awaiter (/nix/store/8v92svsf2419slgxl6vx04fs1c6pg0zl-vscode-1.99.3/lib/vscode/resources/app/node_modules/@vscode/proxy-agent/out/agent.js:4:12)
	at PacProxyAgent.connect (/nix/store/8v92svsf2419slgxl6vx04fs1c6pg0zl-vscode-1.99.3/lib/vscode/resources/app/node_modules/@vscode/proxy-agent/out/agent.js:56:16)
	at /nix/store/8v92svsf2419slgxl6vx04fs1c6pg0zl-vscode-1.99.3/lib/vscode/resources/app/node_modules/agent-base/dist/index.js:132:30
2025-05-02 06:24:02.441 [info] Extension host with pid 2729 exiting with code 0
