2025-05-02 06:40:09.387 [info] update#setState idle
2025-05-02 06:40:16.427 [info] Extension host with pid 7617 exited with code: 0, signal: unknown.
2025-05-02 06:40:39.386 [info] update#setState checking for updates
2025-05-02 06:40:39.703 [info] update#setState idle
2025-05-02 06:41:43.630 [info] Extension host with pid 7572 exited with code: 0, signal: unknown.
2025-05-02 07:40:39.389 [info] update#setState checking for updates
2025-05-02 07:40:39.830 [info] update#setState idle
2025-05-02 08:40:39.394 [info] update#setState checking for updates
2025-05-02 08:40:39.858 [info] update#setState idle
2025-05-02 09:40:39.400 [info] update#setState checking for updates
2025-05-02 09:40:39.825 [info] update#setState idle
2025-05-02 10:40:39.404 [info] update#setState checking for updates
2025-05-02 10:40:39.827 [info] update#setState idle
2025-05-02 11:40:39.409 [info] update#setState checking for updates
2025-05-02 11:40:39.841 [info] update#setState idle
2025-05-02 12:40:39.413 [info] update#setState checking for updates
2025-05-02 12:40:40.097 [info] update#setState idle
2025-05-02 13:40:39.418 [info] update#setState checking for updates
2025-05-02 13:40:39.876 [info] update#setState idle
2025-05-02 14:40:39.421 [info] update#setState checking for updates
2025-05-02 14:40:39.873 [info] update#setState idle
2025-05-02 15:40:39.426 [info] update#setState checking for updates
2025-05-02 15:40:39.881 [info] update#setState idle
2025-05-02 16:40:39.428 [info] update#setState checking for updates
2025-05-02 16:40:39.751 [info] update#setState idle
2025-05-02 17:40:39.432 [info] update#setState checking for updates
2025-05-02 17:40:39.863 [info] update#setState idle
2025-05-02 18:40:39.435 [info] update#setState checking for updates
2025-05-02 18:40:44.591 [info] update#setState idle
2025-05-02 18:41:29.903 [error] ptyHost terminated unexpectedly with code 15
2025-05-02 18:41:29.905 [warning] [UtilityProcess type: ptyHost, pid: 7700]: unable to kill the process
2025-05-02 18:41:29.910 [info] Extension host with pid 7830 exited with code: 15, signal: unknown.
2025-05-02 18:41:29.910 [error] [UtilityProcess id: 3, type: extensionHost, pid: 7830]: crashed with code 15 and reason 'killed'
2025-05-02 18:41:29.911 [info] Extension host with pid 11252 exited with code: 15, signal: unknown.
2025-05-02 18:41:29.911 [error] [UtilityProcess id: 4, type: extensionHost, pid: 11252]: crashed with code 15 and reason 'killed'
2025-05-02 18:41:29.912 [error] [UtilityProcess type: shared-process, pid: 7581]: crashed with code 15 and reason 'killed'
2025-05-02 18:41:29.913 [error] CodeWindow: renderer process gone (reason: clean-exit, code: <unknown>)
2025-05-02 18:41:29.975 [error] [UtilityProcessWorker]: terminated unexpectedly with code 15, signal: unknown
2025-05-02 18:41:29.976 [error] [UtilityProcess id: 1, type: fileWatcher, pid: 7820]: crashed with code 15 and reason 'killed'
2025-05-02 18:41:29.978 [error] CodeWindow: renderer process gone (reason: clean-exit, code: <unknown>)
2025-05-02 18:41:29.986 [error] [UtilityProcessWorker]: terminated unexpectedly with code 15, signal: unknown
2025-05-02 18:41:29.986 [error] [UtilityProcess id: 3, type: fileWatcher, pid: 11251]: crashed with code 15 and reason 'killed'
