2025-05-02 18:50:13.749 [info] [main] Log level: Info
2025-05-02 18:50:13.749 [info] [main] Validating found git in: "git"
2025-05-02 18:50:13.749 [info] [main] Using git "2.49.0" from "git"
2025-05-02 18:50:13.749 [info] [Model][doInitialScan] Initial repository scan started
2025-05-02 18:50:13.749 [info] > git rev-parse --show-toplevel [2ms]
2025-05-02 18:50:13.750 [info] > git rev-parse --git-dir --git-common-dir [1ms]
2025-05-02 18:50:13.754 [info] [Model][openRepository] Opened repository: /home/frosti/.nixos
2025-05-02 18:50:13.756 [info] [Model][doInitialScan] Initial repository scan completed - repositories (1), closed repositories (0), parent repositories (0), unsafe repositories (0)
2025-05-02 18:50:13.771 [info] > git config --get commit.template [12ms]
2025-05-02 18:50:13.782 [info] [Git][getRemotes] No remotes found in the git config file
2025-05-02 18:50:13.783 [info] > git for-each-ref --format=%(refname)%00%(upstream:short)%00%(objectname)%00%(upstream:track)%00%(upstream:remotename)%00%(upstream:remoteref) refs/heads/main refs/remotes/main [1ms]
2025-05-02 18:50:13.789 [info] > git status -z -uall [3ms]
2025-05-02 18:50:13.789 [info] > git for-each-ref --sort -committerdate --format %(refname)%00%(objectname)%00%(*objectname) [1ms]
2025-05-02 18:50:13.796 [info] > git for-each-ref --format=%(refname)%00%(upstream:short)%00%(objectname)%00%(upstream:track)%00%(upstream:remotename)%00%(upstream:remoteref) refs/heads/main refs/remotes/main [3ms]
2025-05-02 18:50:13.799 [info] > git config --get --local branch.main.vscode-merge-base [1ms]
2025-05-02 18:50:13.799 [warning] [Git][config] git config failed: Failed to execute git
2025-05-02 18:50:13.802 [info] > git config --get commit.template [6ms]
2025-05-02 18:50:13.804 [info] [Git][getRemotes] No remotes found in the git config file
2025-05-02 18:50:13.804 [info] > git reflog main --grep-reflog=branch: Created from *. [2ms]
2025-05-02 18:50:13.805 [info] > git for-each-ref --format=%(refname)%00%(upstream:short)%00%(objectname)%00%(upstream:track)%00%(upstream:remotename)%00%(upstream:remoteref) refs/heads/main refs/remotes/main [1ms]
2025-05-02 18:50:13.809 [info] > git status -z -uall [2ms]
2025-05-02 18:50:13.810 [info] > git for-each-ref --sort -committerdate --format %(refname)%00%(objectname)%00%(*objectname) [1ms]
2025-05-02 18:50:14.080 [info] > git show --textconv :hypr.nix [10ms]
2025-05-02 18:50:14.082 [info] > git ls-files --stage -- hypr.nix [3ms]
2025-05-02 18:50:14.091 [info] > git cat-file -s a2c73efd40578357cc62150be858dddf53242127 [2ms]
2025-05-02 18:50:14.117 [info] > git blame --root --incremental 2a601325166dce938cb5ca447220e251257f3d69 -- hypr.nix [6ms]
2025-05-02 18:50:14.282 [info] > git check-ignore -v -z --stdin [2ms]
2025-05-02 18:50:31.689 [info] [Git][getRemotes] No remotes found in the git config file
2025-05-02 18:50:31.690 [info] > git config --get commit.template [3ms]
2025-05-02 18:50:31.690 [info] > git for-each-ref --format=%(refname)%00%(upstream:short)%00%(objectname)%00%(upstream:track)%00%(upstream:remotename)%00%(upstream:remoteref) refs/heads/main refs/remotes/main [1ms]
2025-05-02 18:50:31.695 [info] > git status -z -uall [3ms]
2025-05-02 18:50:31.695 [info] > git for-each-ref --sort -committerdate --format %(refname)%00%(objectname)%00%(*objectname) [1ms]
2025-05-02 19:08:48.037 [info] > git show --textconv :configuration.nix [11ms]
2025-05-02 19:08:48.038 [info] > git ls-files --stage -- configuration.nix [2ms]
2025-05-02 19:08:48.046 [info] > git cat-file -s a6f1f00d97665c33955eb8967209631e750c9440 [2ms]
2025-05-02 19:08:48.064 [info] > git blame --root --incremental 2a601325166dce938cb5ca447220e251257f3d69 -- configuration.nix [7ms]
2025-05-02 19:09:11.071 [info] > git show --textconv :hypr.nix [3ms]
2025-05-02 19:09:11.071 [info] > git ls-files --stage -- hypr.nix [1ms]
2025-05-02 19:09:11.074 [info] > git cat-file -s a2c73efd40578357cc62150be858dddf53242127 [1ms]
2025-05-02 19:10:12.762 [info] [Git][getRemotes] No remotes found in the git config file
2025-05-02 19:10:12.762 [info] > git config --get commit.template [5ms]
2025-05-02 19:10:12.763 [info] > git for-each-ref --format=%(refname)%00%(upstream:short)%00%(objectname)%00%(upstream:track)%00%(upstream:remotename)%00%(upstream:remoteref) refs/heads/main refs/remotes/main [1ms]
2025-05-02 19:10:12.775 [info] > git status -z -uall [7ms]
2025-05-02 19:10:12.775 [info] > git for-each-ref --sort -committerdate --format %(refname)%00%(objectname)%00%(*objectname) [1ms]
2025-05-02 19:16:02.790 [info] > git config --get commit.template [0ms]
2025-05-02 19:16:02.793 [info] [Git][getRemotes] No remotes found in the git config file
2025-05-02 19:16:02.794 [info] > git for-each-ref --format=%(refname)%00%(upstream:short)%00%(objectname)%00%(upstream:track)%00%(upstream:remotename)%00%(upstream:remoteref) refs/heads/main refs/remotes/main [1ms]
2025-05-02 19:16:02.799 [info] > git status -z -uall [3ms]
2025-05-02 19:16:02.800 [info] > git for-each-ref --sort -committerdate --format %(refname)%00%(objectname)%00%(*objectname) [1ms]
2025-05-02 19:19:30.918 [info] [Git][getRemotes] No remotes found in the git config file
2025-05-02 19:19:30.918 [info] > git config --get commit.template [5ms]
2025-05-02 19:19:30.919 [info] > git for-each-ref --format=%(refname)%00%(upstream:short)%00%(objectname)%00%(upstream:track)%00%(upstream:remotename)%00%(upstream:remoteref) refs/heads/main refs/remotes/main [1ms]
2025-05-02 19:19:30.927 [info] > git status -z -uall [4ms]
2025-05-02 19:19:30.927 [info] > git for-each-ref --sort -committerdate --format %(refname)%00%(objectname)%00%(*objectname) [1ms]
2025-05-02 19:29:43.119 [info] [Git][getRemotes] No remotes found in the git config file
2025-05-02 19:29:43.119 [info] > git config --get commit.template [3ms]
2025-05-02 19:29:43.119 [info] > git for-each-ref --format=%(refname)%00%(upstream:short)%00%(objectname)%00%(upstream:track)%00%(upstream:remotename)%00%(upstream:remoteref) refs/heads/main refs/remotes/main [0ms]
2025-05-02 19:29:43.125 [info] > git status -z -uall [3ms]
2025-05-02 19:29:43.125 [info] > git for-each-ref --sort -committerdate --format %(refname)%00%(objectname)%00%(*objectname) [0ms]
2025-05-02 19:29:44.071 [info] > git show --textconv :configuration.nix [4ms]
2025-05-02 19:29:44.072 [info] > git ls-files --stage -- configuration.nix [1ms]
2025-05-02 19:29:44.076 [info] > git cat-file -s a6f1f00d97665c33955eb8967209631e750c9440 [1ms]
2025-05-02 19:31:42.779 [info] [Git][getRemotes] No remotes found in the git config file
2025-05-02 19:31:42.779 [info] > git config --get commit.template [2ms]
2025-05-02 19:31:42.780 [info] > git for-each-ref --format=%(refname)%00%(upstream:short)%00%(objectname)%00%(upstream:track)%00%(upstream:remotename)%00%(upstream:remoteref) refs/heads/main refs/remotes/main [1ms]
2025-05-02 19:31:42.785 [info] > git status -z -uall [3ms]
2025-05-02 19:31:42.785 [info] > git for-each-ref --sort -committerdate --format %(refname)%00%(objectname)%00%(*objectname) [1ms]
2025-05-02 19:31:49.077 [info] > git show --textconv :hypr.nix [2ms]
2025-05-02 19:31:49.078 [info] > git ls-files --stage -- hypr.nix [1ms]
2025-05-02 19:31:49.081 [info] > git cat-file -s a2c73efd40578357cc62150be858dddf53242127 [1ms]
2025-05-02 19:31:59.081 [info] > git for-each-ref --sort -committerdate --format %(refname)%00%(objectname)%00%(*objectname) refs/heads/main [1ms]
2025-05-02 19:31:59.124 [info] > git log --format=%H%n%aN%n%aE%n%at%n%ct%n%P%n%D%n%B -z --shortstat --diff-merges=first-parent -n50 --skip=0 --topo-order --decorate=full --stdin [3ms]
2025-05-02 19:32:17.310 [info] > git add -A -- . [2ms]
2025-05-02 19:32:17.317 [info] > git -c user.useConfigOnly=true commit --quiet --allow-empty-message --file - [2ms]
2025-05-02 19:32:17.320 [info] > git config --get commit.template [0ms]
2025-05-02 19:32:17.326 [info] [Git][getRemotes] No remotes found in the git config file
2025-05-02 19:32:17.326 [info] > git config --get commit.template [3ms]
2025-05-02 19:32:17.327 [info] > git for-each-ref --format=%(refname)%00%(upstream:short)%00%(objectname)%00%(upstream:track)%00%(upstream:remotename)%00%(upstream:remoteref) refs/heads/main refs/remotes/main [1ms]
2025-05-02 19:32:17.332 [info] > git status -z -uall [2ms]
2025-05-02 19:32:17.332 [info] > git for-each-ref --sort -committerdate --format %(refname)%00%(objectname)%00%(*objectname) [1ms]
2025-05-02 19:32:17.339 [info] > git blame --root --incremental 08d8efd10ccc0c85031ce2a4513afea5ade93344 -- hypr.nix [4ms]
2025-05-02 19:32:17.340 [info] > git for-each-ref --sort -committerdate --format %(refname)%00%(objectname)%00%(*objectname) refs/heads/main [1ms]
2025-05-02 19:32:17.351 [info] > git config --get commit.template [3ms]
2025-05-02 19:32:17.353 [info] [Git][getRemotes] No remotes found in the git config file
2025-05-02 19:32:17.353 [info] > git log --format=%H%n%aN%n%aE%n%at%n%ct%n%P%n%D%n%B -z --shortstat --diff-merges=first-parent -n50 --skip=0 --topo-order --decorate=full --stdin [3ms]
2025-05-02 19:32:17.355 [info] > git for-each-ref --format=%(refname)%00%(upstream:short)%00%(objectname)%00%(upstream:track)%00%(upstream:remotename)%00%(upstream:remoteref) refs/heads/main refs/remotes/main [2ms]
2025-05-02 19:32:17.360 [info] > git status -z -uall [3ms]
2025-05-02 19:32:17.360 [info] > git for-each-ref --sort -committerdate --format %(refname)%00%(objectname)%00%(*objectname) [0ms]
2025-05-02 19:32:44.542 [info] > git config --get commit.template [4ms]
2025-05-02 19:32:44.542 [info] [Git][getRemotes] No remotes found in the git config file
2025-05-02 19:32:44.546 [info] > git ls-files --stage -- hypr.nix [4ms]
2025-05-02 19:32:44.550 [info] > git for-each-ref --format=%(refname)%00%(upstream:short)%00%(objectname)%00%(upstream:track)%00%(upstream:remotename)%00%(upstream:remoteref) refs/heads/main refs/remotes/main [5ms]
2025-05-02 19:32:44.556 [info] > git status -z -uall [3ms]
2025-05-02 19:32:44.556 [info] > git cat-file -s d33c646a0dfb035f87b06ddf1e5ddda4e93ce263 [7ms]
2025-05-02 19:32:44.556 [info] > git for-each-ref --sort -committerdate --format %(refname)%00%(objectname)%00%(*objectname) [1ms]
2025-05-02 19:32:44.561 [info] > git show --textconv :hypr.nix [1ms]
2025-05-02 19:32:54.123 [info] > git show --textconv :configuration.nix [3ms]
2025-05-02 19:32:54.124 [info] > git ls-files --stage -- configuration.nix [1ms]
2025-05-02 19:32:54.126 [info] > git cat-file -s a460a76e4be875a0ae42310ab0eb09b555f0a69f [0ms]
2025-05-02 19:32:54.133 [info] > git blame --root --incremental 08d8efd10ccc0c85031ce2a4513afea5ade93344 -- configuration.nix [2ms]
2025-05-02 19:33:01.662 [info] [Git][getRemotes] No remotes found in the git config file
2025-05-02 19:33:01.665 [info] > git config --get commit.template [3ms]
2025-05-02 19:33:01.666 [info] > git for-each-ref --format=%(refname)%00%(upstream:short)%00%(objectname)%00%(upstream:track)%00%(upstream:remotename)%00%(upstream:remoteref) refs/heads/main refs/remotes/main [1ms]
2025-05-02 19:33:01.671 [info] > git status -z -uall [3ms]
2025-05-02 19:33:01.672 [info] > git for-each-ref --sort -committerdate --format %(refname)%00%(objectname)%00%(*objectname) [1ms]
2025-05-02 19:33:29.498 [info] > git for-each-ref --sort -committerdate --format %(refname)%00%(objectname)%00%(*objectname) refs/heads/main [1ms]
2025-05-02 19:33:29.509 [info] > git log --format=%H%n%aN%n%aE%n%at%n%ct%n%P%n%D%n%B -z --shortstat --diff-merges=first-parent -n50 --skip=0 --topo-order --decorate=full --stdin [2ms]
2025-05-02 19:33:40.827 [info] > git add -A -- . [1ms]
2025-05-02 19:33:40.832 [info] > git -c user.useConfigOnly=true commit --quiet --allow-empty-message --file - [2ms]
2025-05-02 19:33:40.835 [info] > git config --get commit.template [0ms]
2025-05-02 19:33:40.843 [info] [Git][getRemotes] No remotes found in the git config file
2025-05-02 19:33:40.843 [info] > git config --get commit.template [4ms]
2025-05-02 19:33:40.843 [info] > git for-each-ref --format=%(refname)%00%(upstream:short)%00%(objectname)%00%(upstream:track)%00%(upstream:remotename)%00%(upstream:remoteref) refs/heads/main refs/remotes/main [0ms]
2025-05-02 19:33:40.850 [info] > git status -z -uall [4ms]
2025-05-02 19:33:40.851 [info] > git for-each-ref --sort -committerdate --format %(refname)%00%(objectname)%00%(*objectname) [1ms]
2025-05-02 19:33:40.861 [info] > git blame --root --incremental e2477ff301467000473bdaafdbea1291356be59c -- configuration.nix [5ms]
2025-05-02 19:33:40.862 [info] > git for-each-ref --sort -committerdate --format %(refname)%00%(objectname)%00%(*objectname) refs/heads/main [1ms]
2025-05-02 19:33:40.871 [info] > git config --get commit.template [3ms]
2025-05-02 19:33:40.873 [info] [Git][getRemotes] No remotes found in the git config file
2025-05-02 19:33:40.873 [info] > git log --format=%H%n%aN%n%aE%n%at%n%ct%n%P%n%D%n%B -z --shortstat --diff-merges=first-parent -n50 --skip=0 --topo-order --decorate=full --stdin [2ms]
2025-05-02 19:33:40.875 [info] > git for-each-ref --format=%(refname)%00%(upstream:short)%00%(objectname)%00%(upstream:track)%00%(upstream:remotename)%00%(upstream:remoteref) refs/heads/main refs/remotes/main [2ms]
2025-05-02 19:33:40.880 [info] > git status -z -uall [2ms]
2025-05-02 19:33:40.881 [info] > git for-each-ref --sort -committerdate --format %(refname)%00%(objectname)%00%(*objectname) [1ms]
2025-05-02 19:33:53.059 [info] > git config --get commit.template [3ms]
2025-05-02 19:33:53.061 [info] [Git][getRemotes] No remotes found in the git config file
2025-05-02 19:33:53.061 [info] > git ls-files --stage -- configuration.nix [2ms]
2025-05-02 19:33:53.064 [info] > git for-each-ref --format=%(refname)%00%(upstream:short)%00%(objectname)%00%(upstream:track)%00%(upstream:remotename)%00%(upstream:remoteref) refs/heads/main refs/remotes/main [3ms]
2025-05-02 19:33:53.069 [info] > git status -z -uall [2ms]
2025-05-02 19:33:53.069 [info] > git cat-file -s 521a04b0438f79926ea8564b8ff7b42a84c0afc8 [5ms]
2025-05-02 19:33:53.070 [info] > git for-each-ref --sort -committerdate --format %(refname)%00%(objectname)%00%(*objectname) [1ms]
2025-05-02 19:33:53.073 [info] > git show --textconv :configuration.nix [1ms]
2025-05-02 19:34:03.978 [info] [Git][getRemotes] No remotes found in the git config file
2025-05-02 19:34:03.978 [info] > git config --get commit.template [3ms]
2025-05-02 19:34:03.979 [info] > git for-each-ref --format=%(refname)%00%(upstream:short)%00%(objectname)%00%(upstream:track)%00%(upstream:remotename)%00%(upstream:remoteref) refs/heads/main refs/remotes/main [1ms]
2025-05-02 19:34:03.984 [info] > git status -z -uall [3ms]
2025-05-02 19:34:03.985 [info] > git for-each-ref --sort -committerdate --format %(refname)%00%(objectname)%00%(*objectname) [1ms]
2025-05-02 19:34:14.670 [info] > git add -A -- . [3ms]
2025-05-02 19:34:14.678 [info] > git -c user.useConfigOnly=true commit --quiet --allow-empty-message --file - [4ms]
2025-05-02 19:34:14.683 [info] > git config --get commit.template [1ms]
2025-05-02 19:34:14.698 [info] [Git][getRemotes] No remotes found in the git config file
2025-05-02 19:34:14.699 [info] > git config --get commit.template [9ms]
2025-05-02 19:34:14.700 [info] > git for-each-ref --format=%(refname)%00%(upstream:short)%00%(objectname)%00%(upstream:track)%00%(upstream:remotename)%00%(upstream:remoteref) refs/heads/main refs/remotes/main [2ms]
2025-05-02 19:34:14.708 [info] > git status -z -uall [3ms]
2025-05-02 19:34:14.709 [info] > git for-each-ref --sort -committerdate --format %(refname)%00%(objectname)%00%(*objectname) [1ms]
2025-05-02 19:34:14.718 [info] > git blame --root --incremental 011ec26c5834adf7cb68ed60ae3fce091f7f5942 -- configuration.nix [5ms]
2025-05-02 19:34:14.719 [info] > git for-each-ref --sort -committerdate --format %(refname)%00%(objectname)%00%(*objectname) refs/heads/main [1ms]
2025-05-02 19:34:14.744 [info] [Git][getRemotes] No remotes found in the git config file
2025-05-02 19:34:14.745 [info] > git config --get commit.template [8ms]
2025-05-02 19:34:14.745 [info] > git log --format=%H%n%aN%n%aE%n%at%n%ct%n%P%n%D%n%B -z --shortstat --diff-merges=first-parent -n50 --skip=0 --topo-order --decorate=full --stdin [13ms]
2025-05-02 19:34:14.750 [info] > git for-each-ref --format=%(refname)%00%(upstream:short)%00%(objectname)%00%(upstream:track)%00%(upstream:remotename)%00%(upstream:remoteref) refs/heads/main refs/remotes/main [6ms]
2025-05-02 19:34:14.757 [info] > git status -z -uall [3ms]
2025-05-02 19:34:14.758 [info] > git for-each-ref --sort -committerdate --format %(refname)%00%(objectname)%00%(*objectname) [1ms]
2025-05-02 19:34:29.432 [info] > git ls-files --stage -- configuration.nix [2ms]
2025-05-02 19:34:29.442 [info] > git cat-file -s 5217ce50c72385ced26d27cfcfa43a1d6ce9c7df [2ms]
2025-05-02 19:34:29.453 [info] > git show --textconv :configuration.nix [2ms]
