2025-05-02 06:26:10.152 [info] [main] Log level: Info
2025-05-02 06:26:10.152 [info] [main] Validating found git in: "git"
2025-05-02 06:26:10.152 [info] [main] Using git "2.49.0" from "git"
2025-05-02 06:26:10.152 [info] [Model][doInitialScan] Initial repository scan started
2025-05-02 06:26:10.152 [info] > git rev-parse --show-toplevel [1ms]
2025-05-02 06:26:10.152 [info] > git rev-parse --git-dir --git-common-dir [1ms]
2025-05-02 06:26:10.157 [info] [Model][openRepository] Opened repository: /home/frosti/.nixos
2025-05-02 06:26:10.158 [info] [Model][doInitialScan] Initial repository scan completed - repositories (1), closed repositories (0), parent repositories (0), unsafe repositories (0)
2025-05-02 06:26:10.164 [info] [Git][getRemotes] No remotes found in the git config file
2025-05-02 06:26:10.165 [info] > git config --get commit.template [3ms]
2025-05-02 06:26:10.165 [info] > git for-each-ref --format %(refname)%00%(objectname)%00%(*objectname) refs/tags [1ms]
2025-05-02 06:26:10.170 [info] > git status -z -uall [3ms]
2025-05-02 06:26:10.171 [info] > git for-each-ref --sort -committerdate --format %(refname)%00%(objectname)%00%(*objectname) [1ms]
2025-05-02 06:26:10.178 [info] [Git][getRemotes] No remotes found in the git config file
2025-05-02 06:26:10.178 [info] > git config --get commit.template [3ms]
2025-05-02 06:26:10.178 [info] > git for-each-ref --format %(refname)%00%(objectname)%00%(*objectname) refs/tags [0ms]
2025-05-02 06:26:10.183 [info] > git status -z -uall [3ms]
2025-05-02 06:26:10.184 [info] > git for-each-ref --sort -committerdate --format %(refname)%00%(objectname)%00%(*objectname) [2ms]
2025-05-02 06:26:10.463 [info] > git show --textconv :configuration.nix [3ms]
2025-05-02 06:26:10.464 [info] > git ls-files --stage -- configuration.nix [1ms]
2025-05-02 06:26:10.467 [info] > git cat-file -s 458669951bb03947192238c4849edfbb6d339a97 [1ms]
2025-05-02 06:26:10.677 [info] > git check-ignore -v -z --stdin [3ms]
2025-05-02 06:26:11.138 [info] > git blame --root --incremental 175f44cc0f9b5457237a7bf32d0bdde5ea71a45a -- configuration.nix [635ms]
2025-05-02 06:26:36.291 [info] > git ls-files --stage -- hypr.nix [1ms]
2025-05-02 06:26:36.347 [info] > git show --textconv :hypr.nix [59ms]
2025-05-02 06:26:36.347 [info] > git cat-file -s a2c73efd40578357cc62150be858dddf53242127 [54ms]
2025-05-02 06:26:36.556 [info] > git blame --root --incremental 175f44cc0f9b5457237a7bf32d0bdde5ea71a45a -- hypr.nix [205ms]
2025-05-02 06:27:11.106 [info] [Git][getRemotes] No remotes found in the git config file
2025-05-02 06:27:11.106 [info] > git config --get commit.template [10ms]
2025-05-02 06:27:11.109 [info] > git for-each-ref --format %(refname)%00%(objectname)%00%(*objectname) refs/tags [4ms]
2025-05-02 06:27:11.128 [info] > git status -z -uall [10ms]
2025-05-02 06:27:11.131 [info] > git for-each-ref --sort -committerdate --format %(refname)%00%(objectname)%00%(*objectname) [4ms]
2025-05-02 06:27:13.109 [info] > git log --format=%H%n%aN%n%aE%n%at%n%ct%n%P%n%D%n%B -z --shortstat --diff-merges=first-parent -n50 --skip=0 --topo-order --decorate=full --stdin [120ms]
2025-05-02 06:27:27.208 [info] > git add -A -- . [4ms]
2025-05-02 06:27:27.307 [info] > git -c user.useConfigOnly=true commit --quiet --allow-empty-message --file - [94ms]
2025-05-02 06:27:27.317 [info] > git config --get commit.template [1ms]
2025-05-02 06:27:27.328 [info] [Git][getRemotes] No remotes found in the git config file
2025-05-02 06:27:27.328 [info] > git config --get commit.template [5ms]
2025-05-02 06:27:27.329 [info] > git for-each-ref --format %(refname)%00%(objectname)%00%(*objectname) refs/tags [1ms]
2025-05-02 06:27:27.335 [info] > git status -z -uall [4ms]
2025-05-02 06:27:27.336 [info] > git for-each-ref --sort -committerdate --format %(refname)%00%(objectname)%00%(*objectname) [1ms]
2025-05-02 06:27:27.348 [info] > git blame --root --incremental 984e1750d24beb65016ecbbe532624b0cbe85fd2 -- hypr.nix [6ms]
2025-05-02 06:27:27.351 [info] > git log --format=%H%n%aN%n%aE%n%at%n%ct%n%P%n%D%n%B -z --shortstat --diff-merges=first-parent -n50 --skip=0 --topo-order --decorate=full --stdin [4ms]
2025-05-02 06:27:27.357 [info] [Git][getRemotes] No remotes found in the git config file
2025-05-02 06:27:27.357 [info] > git config --get commit.template [2ms]
2025-05-02 06:27:27.357 [info] > git for-each-ref --format %(refname)%00%(objectname)%00%(*objectname) refs/tags [0ms]
2025-05-02 06:27:27.361 [info] > git status -z -uall [2ms]
2025-05-02 06:27:27.362 [info] > git for-each-ref --sort -committerdate --format %(refname)%00%(objectname)%00%(*objectname) [1ms]
2025-05-02 06:27:37.566 [info] > git ls-files --stage -- hypr.nix [1ms]
2025-05-02 06:27:37.569 [info] > git cat-file -s 075077f6df460ccc60ee6fcb0fdc624c7525d70b [1ms]
2025-05-02 06:27:37.572 [info] > git show --textconv :hypr.nix [1ms]
2025-05-02 06:29:19.557 [info] [Git][getRemotes] No remotes found in the git config file
2025-05-02 06:29:19.560 [info] > git config --get commit.template [3ms]
2025-05-02 06:29:19.560 [info] > git for-each-ref --format %(refname)%00%(objectname)%00%(*objectname) refs/tags [0ms]
2025-05-02 06:29:19.564 [info] > git status -z -uall [2ms]
2025-05-02 06:29:19.565 [info] > git for-each-ref --sort -committerdate --format %(refname)%00%(objectname)%00%(*objectname) [1ms]
2025-05-02 06:29:23.578 [info] > git log --format=%H%n%aN%n%aE%n%at%n%ct%n%P%n%D%n%B -z --shortstat --diff-merges=first-parent -n50 --skip=0 --topo-order --decorate=full --stdin [4ms]
2025-05-02 06:29:33.686 [info] > git add -A -- . [2ms]
2025-05-02 06:29:33.698 [info] > git -c user.useConfigOnly=true commit --quiet --allow-empty-message --file - [7ms]
2025-05-02 06:29:33.702 [info] > git config --get commit.template [1ms]
2025-05-02 06:29:33.707 [info] [Git][getRemotes] No remotes found in the git config file
2025-05-02 06:29:33.707 [info] > git config --get commit.template [3ms]
2025-05-02 06:29:33.707 [info] > git for-each-ref --format %(refname)%00%(objectname)%00%(*objectname) refs/tags [1ms]
2025-05-02 06:29:33.711 [info] > git status -z -uall [2ms]
2025-05-02 06:29:33.711 [info] > git for-each-ref --sort -committerdate --format %(refname)%00%(objectname)%00%(*objectname) [0ms]
2025-05-02 06:29:33.717 [info] > git blame --root --incremental bf1e83faade15f66a499648512b1784d4dec1dc7 -- hypr.nix [3ms]
2025-05-02 06:29:33.719 [info] > git log --format=%H%n%aN%n%aE%n%at%n%ct%n%P%n%D%n%B -z --shortstat --diff-merges=first-parent -n50 --skip=0 --topo-order --decorate=full --stdin [2ms]
2025-05-02 06:29:33.726 [info] [Git][getRemotes] No remotes found in the git config file
2025-05-02 06:29:33.726 [info] > git config --get commit.template [3ms]
2025-05-02 06:29:33.726 [info] > git for-each-ref --format %(refname)%00%(objectname)%00%(*objectname) refs/tags [0ms]
2025-05-02 06:29:33.731 [info] > git status -z -uall [3ms]
2025-05-02 06:29:33.731 [info] > git for-each-ref --sort -committerdate --format %(refname)%00%(objectname)%00%(*objectname) [1ms]
